# JRE version: Java(TM) SE Runtime Environment (23.0.1+11) (build 23.0.1+11-39)
# Java VM: Java HotSpot(TM) 64-Bit Server VM (23.0.1+11-39, mixed mode, emulated-client, sharing, tiered, compressed oops, compressed class ptrs, g1 gc, windows-amd64)
GC Precious Log:
 CardTable entry size: 512
 Card Set container configuration: InlinePtr #cards 5 size 8 Array Of Cards #cards 10 size 36 Howl #buckets 4 coarsen threshold 1843 Howl Bitmap #cards 512 size 80 coarsen threshold 460 Card regions per heap region 1 cards per card region 2048
 CPUs: 8 total, 8 available
 Memory: 8022M
 Large Page Support: Disabled
 NUMA Support: Disabled
 Compressed Oops: Enabled (32-bit)
 Heap Region Size: 1M
 Heap Min Capacity: 8M
 Heap Initial Capacity: 126M
 Heap Max Capacity: 2006M
 Pre-touch: Disabled
 Parallel Workers: 8
 Concurrent Workers: 2
 Concurrent Refinement Workers: 8
 Periodic GC: Disabled
Heap:
 garbage-first heap   total reserved 2054144K, committed 56320K, used 36884K [0x0000000082a00000, 0x0000000100000000)
  region size 1024K, 3 young (3072K), 2 survivors (2048K)
 Metaspace       used 68774K, committed 69504K, reserved 1114112K
  class space    used 10062K, committed 10368K, reserved 1048576K
GC Heap History (20 events):
Event: 8.382 GC heap before
{Heap before GC invocations=8 (full 0):
 garbage-first heap   total reserved 2054144K, committed 55296K, used 36237K [0x0000000082a00000, 0x0000000100000000)
  region size 1024K, 15 young (15360K), 2 survivors (2048K)
 Metaspace       used 35400K, committed 35968K, reserved 1114112K
  class space    used 5048K, committed 5312K, reserved 1048576K
}
Event: 8.392 GC heap after
{Heap after GC invocations=9 (full 0):
 garbage-first heap   total reserved 2054144K, committed 55296K, used 24728K [0x0000000082a00000, 0x0000000100000000)
  region size 1024K, 1 young (1024K), 1 survivors (1024K)
 Metaspace       used 35400K, committed 35968K, reserved 1114112K
  class space    used 5048K, committed 5312K, reserved 1048576K
}
Event: 10.846 GC heap before
{Heap before GC invocations=10 (full 0):
 garbage-first heap   total reserved 2054144K, committed 55296K, used 46232K [0x0000000082a00000, 0x0000000100000000)
  region size 1024K, 22 young (22528K), 1 survivors (1024K)
 Metaspace       used 40968K, committed 41536K, reserved 1114112K
  class space    used 5955K, committed 6208K, reserved 1048576K
}
Event: 10.851 GC heap after
{Heap after GC invocations=11 (full 0):
 garbage-first heap   total reserved 2054144K, committed 55296K, used 26140K [0x0000000082a00000, 0x0000000100000000)
  region size 1024K, 3 young (3072K), 3 survivors (3072K)
 Metaspace       used 40968K, committed 41536K, reserved 1114112K
  class space    used 5955K, committed 6208K, reserved 1048576K
}
Event: 12.766 GC heap before
{Heap before GC invocations=11 (full 0):
 garbage-first heap   total reserved 2054144K, committed 55296K, used 46620K [0x0000000082a00000, 0x0000000100000000)
  region size 1024K, 23 young (23552K), 3 survivors (3072K)
 Metaspace       used 49195K, committed 49728K, reserved 1114112K
  class space    used 7020K, committed 7232K, reserved 1048576K
}
Event: 12.774 GC heap after
{Heap after GC invocations=12 (full 0):
 garbage-first heap   total reserved 2054144K, committed 55296K, used 28236K [0x0000000082a00000, 0x0000000100000000)
  region size 1024K, 3 young (3072K), 3 survivors (3072K)
 Metaspace       used 49195K, committed 49728K, reserved 1114112K
  class space    used 7020K, committed 7232K, reserved 1048576K
}
Event: 13.845 GC heap before
{Heap before GC invocations=12 (full 0):
 garbage-first heap   total reserved 2054144K, committed 55296K, used 47692K [0x0000000082a00000, 0x0000000100000000)
  region size 1024K, 22 young (22528K), 3 survivors (3072K)
 Metaspace       used 52699K, committed 53312K, reserved 1114112K
  class space    used 7469K, committed 7744K, reserved 1048576K
}
Event: 13.854 GC heap after
{Heap after GC invocations=13 (full 0):
 garbage-first heap   total reserved 2054144K, committed 55296K, used 29757K [0x0000000082a00000, 0x0000000100000000)
  region size 1024K, 2 young (2048K), 2 survivors (2048K)
 Metaspace       used 52699K, committed 53312K, reserved 1114112K
  class space    used 7469K, committed 7744K, reserved 1048576K
}
Event: 15.265 GC heap before
{Heap before GC invocations=14 (full 0):
 garbage-first heap   total reserved 2054144K, committed 55296K, used 47165K [0x0000000082a00000, 0x0000000100000000)
  region size 1024K, 20 young (20480K), 2 survivors (2048K)
 Metaspace       used 58404K, committed 58944K, reserved 1114112K
  class space    used 8483K, committed 8704K, reserved 1048576K
}
Event: 15.270 GC heap after
{Heap after GC invocations=15 (full 0):
 garbage-first heap   total reserved 2054144K, committed 55296K, used 30424K [0x0000000082a00000, 0x0000000100000000)
  region size 1024K, 2 young (2048K), 2 survivors (2048K)
 Metaspace       used 58404K, committed 58944K, reserved 1114112K
  class space    used 8483K, committed 8704K, reserved 1048576K
}
Event: 16.312 GC heap before
{Heap before GC invocations=15 (full 0):
 garbage-first heap   total reserved 2054144K, committed 55296K, used 47832K [0x0000000082a00000, 0x0000000100000000)
  region size 1024K, 20 young (20480K), 2 survivors (2048K)
 Metaspace       used 61300K, committed 61952K, reserved 1114112K
  class space    used 8943K, committed 9216K, reserved 1048576K
}
Event: 16.318 GC heap after
{Heap after GC invocations=16 (full 0):
 garbage-first heap   total reserved 2054144K, committed 55296K, used 31055K [0x0000000082a00000, 0x0000000100000000)
  region size 1024K, 2 young (2048K), 2 survivors (2048K)
 Metaspace       used 61300K, committed 61952K, reserved 1114112K
  class space    used 8943K, committed 9216K, reserved 1048576K
}
Event: 18.201 GC heap before
{Heap before GC invocations=16 (full 0):
 garbage-first heap   total reserved 2054144K, committed 55296K, used 48463K [0x0000000082a00000, 0x0000000100000000)
  region size 1024K, 19 young (19456K), 2 survivors (2048K)
 Metaspace       used 64518K, committed 65216K, reserved 1114112K
  class space    used 9354K, committed 9664K, reserved 1048576K
}
Event: 18.208 GC heap after
{Heap after GC invocations=17 (full 0):
 garbage-first heap   total reserved 2054144K, committed 55296K, used 32700K [0x0000000082a00000, 0x0000000100000000)
  region size 1024K, 3 young (3072K), 3 survivors (3072K)
 Metaspace       used 64518K, committed 65216K, reserved 1114112K
  class space    used 9354K, committed 9664K, reserved 1048576K
}
Event: 19.478 GC heap before
{Heap before GC invocations=18 (full 0):
 garbage-first heap   total reserved 2054144K, committed 56320K, used 46012K [0x0000000082a00000, 0x0000000100000000)
  region size 1024K, 17 young (17408K), 3 survivors (3072K)
 Metaspace       used 66090K, committed 66752K, reserved 1114112K
  class space    used 9678K, committed 9984K, reserved 1048576K
}
Event: 19.485 GC heap after
{Heap after GC invocations=19 (full 0):
 garbage-first heap   total reserved 2054144K, committed 56320K, used 34278K [0x0000000082a00000, 0x0000000100000000)
  region size 1024K, 2 young (2048K), 2 survivors (2048K)
 Metaspace       used 66090K, committed 66752K, reserved 1114112K
  class space    used 9678K, committed 9984K, reserved 1048576K
}
Event: 22.097 GC heap before
{Heap before GC invocations=19 (full 0):
 garbage-first heap   total reserved 2054144K, committed 56320K, used 49638K [0x0000000082a00000, 0x0000000100000000)
  region size 1024K, 17 young (17408K), 2 survivors (2048K)
 Metaspace       used 67478K, committed 68224K, reserved 1114112K
  class space    used 9870K, committed 10176K, reserved 1048576K
}
Event: 22.107 GC heap after
{Heap after GC invocations=20 (full 0):
 garbage-first heap   total reserved 2054144K, committed 56320K, used 35421K [0x0000000082a00000, 0x0000000100000000)
  region size 1024K, 3 young (3072K), 3 survivors (3072K)
 Metaspace       used 67478K, committed 68224K, reserved 1114112K
  class space    used 9870K, committed 10176K, reserved 1048576K
}
Event: 23.239 GC heap before
{Heap before GC invocations=20 (full 0):
 garbage-first heap   total reserved 2054144K, committed 56320K, used 48733K [0x0000000082a00000, 0x0000000100000000)
  region size 1024K, 16 young (16384K), 3 survivors (3072K)
 Metaspace       used 68790K, committed 69504K, reserved 1114112K
  class space    used 10068K, committed 10368K, reserved 1048576K
}
Event: 23.258 GC heap after
{Heap after GC invocations=21 (full 0):
 garbage-first heap   total reserved 2054144K, committed 56320K, used 36884K [0x0000000082a00000, 0x0000000100000000)
  region size 1024K, 2 young (2048K), 2 survivors (2048K)
 Metaspace       used 68790K, committed 69504K, reserved 1114112K
  class space    used 10068K, committed 10368K, reserved 1048576K
}

